TN:
SF:src/components/AppLayout.tsx
FN:12,AppLayout
FN:13,(anonymous_1)
FN:16,(anonymous_2)
FN:26,(anonymous_3)
FN:30,(anonymous_4)
FNF:5
FNH:5
FNDA:1,AppLayout
FNDA:2,(anonymous_1)
FNDA:1,(anonymous_2)
FNDA:4,(anonymous_3)
FNDA:4,(anonymous_4)
DA:5,1
DA:13,2
DA:14,1
DA:16,1
DA:17,1
DA:18,1
DA:21,1
DA:27,4
DA:30,4
LF:9
LH:9
BRDA:32,0,0,1
BRDA:32,0,1,3
BRDA:33,1,0,1
BRDA:33,1,1,3
BRF:4
BRH:4
end_of_record
TN:
SF:src/components/PrivateRoute.tsx
FN:4,PrivateRoute
FN:5,(anonymous_1)
FNF:2
FNH:2
FNDA:2,PrivateRoute
FNDA:2,(anonymous_1)
DA:5,2
DA:6,2
LF:2
LH:2
BRDA:6,0,0,1
BRDA:6,0,1,1
BRF:2
BRH:2
end_of_record
TN:
SF:src/features/.gitkeep
FNF:0
FNH:0
LF:0
LH:0
BRF:0
BRH:0
end_of_record
TN:
SF:src/features/auth/.gitkeep
FNF:0
FNH:0
LF:0
LH:0
BRF:0
BRH:0
end_of_record
TN:
SF:src/features/auth/LoginPage.tsx
FN:7,LoginPage
FN:10,(anonymous_1)
FN:15,(anonymous_2)
FN:21,(anonymous_3)
FN:38,(anonymous_4)
FN:49,(anonymous_5)
FNF:6
FNH:6
FNDA:7,LoginPage
FNDA:10,(anonymous_1)
FNDA:1,(anonymous_2)
FNDA:2,(anonymous_3)
FNDA:2,(anonymous_4)
FNDA:2,(anonymous_5)
DA:8,7
DA:9,7
DA:10,10
DA:11,7
DA:13,7
DA:16,1
DA:17,1
DA:21,7
DA:22,2
DA:23,2
DA:24,2
DA:28,7
DA:38,2
DA:49,2
LF:14
LH:14
BRDA:23,0,0,2
BRDA:23,0,1,0
BRDA:23,1,0,2
BRDA:23,1,1,2
BRDA:55,2,0,7
BRDA:55,2,1,1
BRDA:57,3,0,1
BRDA:57,3,1,0
BRDA:66,4,0,0
BRDA:66,4,1,7
BRF:10
BRH:7
end_of_record
TN:
SF:src/features/cbom/.gitkeep
FNF:0
FNH:0
LF:0
LH:0
BRF:0
BRH:0
end_of_record
TN:
SF:src/features/cbom/AlgorithmSwitchPanel.tsx
FN:11,AlgorithmSwitchPanel
FN:17,handleSwitch
FN:30,(anonymous_2)
FN:35,(anonymous_3)
FNF:4
FNH:4
FNDA:10,AlgorithmSwitchPanel
FNDA:2,handleSwitch
FNDA:2,(anonymous_2)
FNDA:30,(anonymous_3)
DA:12,10
DA:13,10
DA:15,10
DA:18,2
DA:19,2
DA:22,10
DA:30,2
DA:36,30
LF:8
LH:8
BRDA:18,0,0,0
BRDA:18,0,1,2
BRDA:43,1,0,10
BRDA:43,1,1,4
BRDA:46,2,0,0
BRDA:46,2,1,10
BRDA:51,3,0,10
BRDA:51,3,1,1
BRDA:54,4,0,10
BRDA:54,4,1,1
BRF:10
BRH:8
end_of_record
TN:
SF:src/features/cbom/CbomPage.tsx
FN:17,CbomPage
FN:27,(anonymous_1)
FN:29,(anonymous_2)
FN:36,handleFilterChange
FN:50,(anonymous_4)
FN:62,(anonymous_5)
FN:82,(anonymous_6)
FN:86,(anonymous_7)
FN:105,(anonymous_8)
FN:119,(anonymous_9)
FN:137,(anonymous_10)
FN:149,(anonymous_11)
FN:149,(anonymous_12)
FN:157,(anonymous_13)
FN:157,(anonymous_14)
FNF:15
FNH:10
FNDA:26,CbomPage
FNDA:122,(anonymous_1)
FNDA:122,(anonymous_2)
FNDA:2,handleFilterChange
FNDA:1,(anonymous_4)
FNDA:1,(anonymous_5)
FNDA:2,(anonymous_6)
FNDA:112,(anonymous_7)
FNDA:85,(anonymous_8)
FNDA:3,(anonymous_9)
FNDA:0,(anonymous_10)
FNDA:0,(anonymous_11)
FNDA:0,(anonymous_12)
FNDA:0,(anonymous_13)
FNDA:0,(anonymous_14)
DA:6,1
DA:8,1
DA:13,1
DA:18,26
DA:19,26
DA:20,26
DA:21,26
DA:22,26
DA:24,26
DA:25,16
DA:27,122
DA:29,26
DA:30,122
DA:33,26
DA:34,26
DA:37,2
DA:38,2
DA:41,26
DA:50,1
DA:62,1
DA:82,2
DA:87,112
DA:106,85
DA:120,3
DA:137,0
DA:149,0
DA:157,0
LF:27
LH:24
BRDA:24,0,0,10
BRDA:24,0,1,16
BRDA:25,1,0,1
BRDA:25,1,1,15
BRDA:27,2,0,15
BRDA:27,2,1,0
BRDA:29,3,0,26
BRDA:29,3,1,0
BRDA:30,4,0,122
BRDA:30,4,1,40
BRDA:52,5,0,14
BRDA:52,5,1,1
BRDA:64,6,0,1
BRDA:64,6,1,14
BRDA:73,7,0,1
BRDA:73,7,1,14
BRDA:74,8,0,1
BRDA:74,8,1,0
BRDA:112,9,0,85
BRDA:112,9,1,1
BRDA:116,10,0,84
BRDA:116,10,1,1
BRDA:121,11,0,1
BRDA:121,11,1,2
BRDA:131,12,0,85
BRDA:131,12,1,2
BRF:26
BRH:23
end_of_record
TN:
SF:src/features/cbom/CbomPriorityView.tsx
FN:24,CbomPriorityView
FN:28,(anonymous_1)
FN:29,(anonymous_2)
FN:30,(anonymous_3)
FN:36,(anonymous_4)
FN:41,(anonymous_5)
FN:57,(anonymous_6)
FNF:7
FNH:7
FNDA:8,CbomPriorityView
FNDA:52,(anonymous_1)
FNDA:52,(anonymous_2)
FNDA:52,(anonymous_3)
FNDA:24,(anonymous_4)
FNDA:3,(anonymous_5)
FNDA:18,(anonymous_6)
DA:6,2
DA:8,2
DA:14,2
DA:25,8
DA:27,8
DA:28,52
DA:29,52
DA:30,52
DA:33,8
DA:37,24
DA:41,3
DA:58,18
LF:12
LH:12
BRDA:43,0,0,8
BRDA:43,0,1,16
BRDA:54,1,0,1
BRDA:54,1,1,7
BRDA:61,2,0,18
BRDA:61,2,1,0
BRF:6
BRH:5
end_of_record
TN:
SF:src/features/cbom/useAlgorithmSwitch.ts
FN:4,useAlgorithmSwitch
FN:7,(anonymous_1)
FN:8,(anonymous_2)
FNF:3
FNH:3
FNDA:16,useAlgorithmSwitch
FNDA:5,(anonymous_1)
FNDA:3,(anonymous_2)
DA:5,16
DA:6,16
DA:7,5
DA:9,3
LF:4
LH:4
BRF:0
BRH:0
end_of_record
TN:
SF:src/features/cbom/useCbomList.ts
FN:4,useCbomList
FNF:1
FNH:1
FNDA:30,useCbomList
DA:5,30
LF:1
LH:1
BRF:0
BRH:0
end_of_record
TN:
SF:src/features/dashboard/DashboardPage.tsx
FN:5,DashboardPage
FN:10,(anonymous_1)
FN:21,(anonymous_2)
FNF:3
FNH:3
FNDA:5,DashboardPage
FNDA:2,(anonymous_1)
FNDA:1,(anonymous_2)
DA:6,5
DA:8,5
DA:10,5
DA:11,2
DA:14,5
DA:21,1
LF:6
LH:6
BRDA:11,0,0,1
BRDA:11,0,1,1
BRDA:26,1,0,0
BRDA:26,1,1,5
BRDA:30,2,0,5
BRDA:30,2,1,0
BRDA:36,3,0,5
BRDA:36,3,1,1
BRF:8
BRH:6
end_of_record
TN:
SF:src/features/inventory/.gitkeep
FNF:0
FNH:0
LF:0
LH:0
BRF:0
BRH:0
end_of_record
TN:
SF:src/features/inventory/InventoryPage.tsx
FN:7,InventoryPage
FN:25,handleCreate
FN:28,(anonymous_2)
FN:29,(anonymous_3)
FN:33,startEdit
FN:39,handleUpdate
FN:45,(anonymous_6)
FN:46,(anonymous_7)
FN:51,handleDelete
FN:53,(anonymous_9)
FN:74,(anonymous_10)
FN:74,(anonymous_11)
FN:83,(anonymous_12)
FN:83,(anonymous_13)
FN:92,(anonymous_14)
FN:92,(anonymous_15)
FN:101,(anonymous_16)
FN:101,(anonymous_17)
FN:128,(anonymous_18)
FN:138,(anonymous_19)
FN:148,(anonymous_20)
FN:155,(anonymous_21)
FN:163,(anonymous_22)
FN:180,(anonymous_23)
FN:180,(anonymous_24)
FN:187,(anonymous_25)
FN:187,(anonymous_26)
FN:194,(anonymous_27)
FN:194,(anonymous_28)
FN:201,(anonymous_29)
FN:201,(anonymous_30)
FN:212,(anonymous_31)
FNF:32
FNH:23
FNDA:57,InventoryPage
FNDA:2,handleCreate
FNDA:1,(anonymous_2)
FNDA:1,(anonymous_3)
FNDA:4,startEdit
FNDA:2,handleUpdate
FNDA:1,(anonymous_6)
FNDA:1,(anonymous_7)
FNDA:2,handleDelete
FNDA:2,(anonymous_9)
FNDA:3,(anonymous_10)
FNDA:3,(anonymous_11)
FNDA:3,(anonymous_12)
FNDA:3,(anonymous_13)
FNDA:3,(anonymous_14)
FNDA:3,(anonymous_15)
FNDA:0,(anonymous_16)
FNDA:0,(anonymous_17)
FNDA:126,(anonymous_18)
FNDA:4,(anonymous_19)
FNDA:2,(anonymous_20)
FNDA:1,(anonymous_21)
FNDA:3,(anonymous_22)
FNDA:3,(anonymous_23)
FNDA:3,(anonymous_24)
FNDA:0,(anonymous_25)
FNDA:0,(anonymous_26)
FNDA:0,(anonymous_27)
FNDA:0,(anonymous_28)
FNDA:0,(anonymous_29)
FNDA:0,(anonymous_30)
FNDA:0,(anonymous_31)
DA:5,1
DA:8,57
DA:9,57
DA:10,57
DA:11,57
DA:13,57
DA:14,57
DA:15,57
DA:16,57
DA:17,57
DA:18,57
DA:20,57
DA:21,43
DA:23,42
DA:26,2
DA:27,2
DA:28,1
DA:29,1
DA:34,4
DA:35,4
DA:36,4
DA:40,2
DA:41,2
DA:42,2
DA:45,1
DA:46,1
DA:52,2
DA:53,2
DA:57,57
DA:58,57
DA:60,57
DA:74,3
DA:83,3
DA:92,3
DA:101,0
DA:129,126
DA:138,4
DA:148,2
DA:155,1
DA:163,3
DA:180,3
DA:187,0
DA:194,0
DA:201,0
DA:212,0
LF:45
LH:40
BRDA:20,0,0,14
BRDA:20,0,1,43
BRDA:21,1,0,1
BRDA:21,1,1,42
BRDA:23,2,0,42
BRDA:23,2,1,0
BRDA:35,3,0,4
BRDA:35,3,1,0
BRDA:40,4,0,0
BRDA:40,4,1,2
BRDA:57,5,0,57
BRDA:57,5,1,12
BRDA:57,5,2,9
BRDA:57,5,3,6
BRDA:58,6,0,57
BRDA:58,6,1,10
BRDA:58,6,2,10
BRDA:58,6,3,10
BRDA:109,7,0,2
BRDA:109,7,1,40
BRDA:112,8,0,57
BRDA:112,8,1,1
BRDA:135,9,0,126
BRDA:135,9,1,84
BRDA:144,10,0,3
BRDA:144,10,1,123
BRDA:172,11,0,126
BRDA:172,11,1,10
BRDA:209,12,0,2
BRDA:209,12,1,8
BRDA:218,13,0,10
BRDA:218,13,1,1
BRDA:227,14,0,57
BRDA:227,14,1,0
BRF:34
BRH:30
end_of_record
TN:
SF:src/features/inventory/useInventory.ts
FN:14,useInventoryList
FN:18,useCreateInventory
FN:21,(anonymous_2)
FN:22,(anonymous_3)
FN:26,(anonymous_4)
FN:29,(anonymous_5)
FN:34,(anonymous_6)
FN:38,useUpdateInventory
FN:41,(anonymous_8)
FN:43,(anonymous_9)
FN:46,(anonymous_10)
FN:47,(anonymous_11)
FN:51,(anonymous_12)
FN:56,(anonymous_13)
FN:60,useDeleteInventory
FN:63,(anonymous_15)
FN:64,(anonymous_16)
FN:67,(anonymous_17)
FN:68,(anonymous_18)
FN:72,(anonymous_19)
FN:77,(anonymous_20)
FNF:21
FNH:21
FNDA:57,useInventoryList
FNDA:57,useCreateInventory
FNDA:2,(anonymous_2)
FNDA:2,(anonymous_3)
FNDA:2,(anonymous_4)
FNDA:1,(anonymous_5)
FNDA:2,(anonymous_6)
FNDA:57,useUpdateInventory
FNDA:2,(anonymous_8)
FNDA:2,(anonymous_9)
FNDA:2,(anonymous_10)
FNDA:6,(anonymous_11)
FNDA:1,(anonymous_12)
FNDA:2,(anonymous_13)
FNDA:57,useDeleteInventory
FNDA:2,(anonymous_15)
FNDA:2,(anonymous_16)
FNDA:2,(anonymous_17)
FNDA:6,(anonymous_18)
FNDA:1,(anonymous_19)
FNDA:2,(anonymous_20)
DA:12,1
DA:15,57
DA:19,57
DA:20,57
DA:21,2
DA:23,2
DA:24,2
DA:25,2
DA:26,2
DA:27,2
DA:30,1
DA:31,1
DA:34,2
DA:39,57
DA:40,57
DA:41,2
DA:44,2
DA:45,2
DA:46,2
DA:47,6
DA:49,2
DA:52,1
DA:53,1
DA:56,2
DA:61,57
DA:62,57
DA:63,2
DA:65,2
DA:66,2
DA:67,2
DA:68,6
DA:70,2
DA:73,1
DA:74,1
DA:77,2
LF:35
LH:35
BRDA:26,0,0,2
BRDA:26,0,1,0
BRDA:30,1,0,1
BRDA:30,1,1,0
BRDA:47,2,0,2
BRDA:47,2,1,0
BRDA:47,3,0,2
BRDA:47,3,1,4
BRDA:52,4,0,1
BRDA:52,4,1,0
BRDA:68,5,0,2
BRDA:68,5,1,0
BRDA:73,6,0,1
BRDA:73,6,1,0
BRF:14
BRH:8
end_of_record
TN:
SF:src/features/monitor/.gitkeep
FNF:0
FNH:0
LF:0
LH:0
BRF:0
BRH:0
end_of_record
TN:
SF:src/features/monitor/MonitorPage.tsx
FN:9,MonitorPage
FN:17,(anonymous_1)
FN:18,(anonymous_2)
FN:19,(anonymous_3)
FN:28,(anonymous_4)
FN:43,(anonymous_5)
FN:59,(anonymous_6)
FN:60,(anonymous_7)
FN:89,(anonymous_8)
FNF:9
FNH:9
FNDA:11,MonitorPage
FNDA:30,(anonymous_1)
FNDA:30,(anonymous_2)
FNDA:30,(anonymous_3)
FNDA:27,(anonymous_4)
FNDA:12,(anonymous_5)
FNDA:72,(anonymous_6)
FNDA:30,(anonymous_7)
FNDA:15,(anonymous_8)
DA:3,1
DA:10,11
DA:12,11
DA:13,5
DA:15,4
DA:16,11
DA:17,30
DA:18,30
DA:19,30
DA:21,11
DA:22,11
DA:23,30
DA:25,4
DA:27,4
DA:28,27
DA:31,4
DA:44,12
DA:45,12
DA:59,72
DA:61,30
DA:90,15
LF:21
LH:21
BRDA:12,0,0,6
BRDA:12,0,1,5
BRDA:13,1,0,1
BRDA:13,1,1,4
BRDA:15,2,0,4
BRDA:15,2,1,0
BRDA:23,3,0,30
BRDA:23,3,1,30
BRDA:28,4,0,27
BRDA:28,4,1,0
BRDA:28,5,0,27
BRDA:28,5,1,0
BRDA:44,6,0,4
BRDA:44,6,1,8
BRDA:44,7,0,4
BRDA:44,7,1,4
BRDA:95,8,0,15
BRDA:95,8,1,0
BRF:18
BRH:14
end_of_record
TN:
SF:src/features/monitor/useMonitor.ts
FN:4,useMonitor
FNF:1
FNH:1
FNDA:11,useMonitor
DA:5,11
LF:1
LH:1
BRF:0
BRH:0
end_of_record
